9408482;8058018;6638256;487891;1544588;"9.99.0"
9505629;8058018;6638256;444999;1544588;"9.98.1"
9505629;8058018;6638256;444999;1544588;"9.98.0"
9574917;8049936;6638256;444999;1544588;"9.97.2"
9574917;8049936;6638256;444999;1544588;"9.97.1"
9574917;8049936;6638256;444999;1544588;"9.97.0"
9373858;8108289;6556543;444999;1597744;"9.96.6"
9373858;8108289;6556543;444999;1597744;"9.96.5"
9373858;8108289;6556543;444999;1597744;"9.96.4"
9373858;8108289;6556543;444999;1597744;"9.96.3"
9373858;8108289;6556543;444999;1597744;"9.96.2"
9373858;8108289;6556543;444999;1597744;"9.96.1"
9373858;8108289;6556543;444999;1597744;"9.96.0"
9245752;8108289;6556543;444999;1597744;"9.95.1"
9245752;8108289;6556543;444999;1597744;"9.95.0"
9033414;8100562;6575410;444999;1597744;"9.94.3"
9033414;8100562;6575410;444999;1597744;"9.94.2"
9033414;8100562;6575410;444999;1597744;"9.94.1"
9033414;8100562;6575410;444999;1597744;"9.94.0"
8994438;8100562;6575410;444999;1597744;"9.93.3"
8994438;8100562;6575410;444999;1597744;"9.93.2"
8994438;8100562;6575410;444999;1597744;"9.93.1"
8994438;8100562;6575410;444999;1597744;"9.93.0"
9038426;8100562;6575410;444999;1597744;"9.92.0"
9172143;8100562;6562271;444999;1576702;"9.91.4"
9172143;8100562;6562271;444999;1576702;"9.91.3"
9172143;8100562;6562271;444999;1576702;"9.91.2"
9172143;8100562;6562271;444999;1576702;"9.91.1"
9172143;8100562;6562271;444999;1576702;"9.91.0"
9172143;8026031;6562271;444999;1486317;"9.90.0"
6103883;5854122;5557213;336706;1047572;"9.9.0"
9259999;8026031;6562271;444999;1486317;"9.89.0"
9230259;8026031;6562271;444999;1486317;"9.88.0"
9223335;7990994;6562271;444999;1486317;"9.87.9"
9223335;7990994;6562271;444999;1486317;"9.87.8"
9223335;7990994;6562271;444999;1486317;"9.87.7"
9223335;7990994;6562271;444999;1486317;"9.87.6"
9223335;7990994;6562271;444999;1486317;"9.87.5"
9223335;7990994;6562271;444999;1486317;"9.87.4"
9223335;7990994;6562271;444999;1486317;"9.87.3"
9223335;7990994;6562271;444999;1486317;"9.87.2"
9223335;7990994;6562271;444999;1486317;"9.87.1"
9223335;7990994;6562271;444999;1486317;"9.87.0"
9223335;7990994;6562271;444999;1524697;"9.86.0"
9202965;7990994;6562271;444999;1524697;"9.85.0"
9202965;7990994;6504890;444999;1524697;"9.84.0"
9176123;7933400;6504890;444999;1524697;"9.83.0"
9121571;7933400;6504890;444999;1530084;"9.82.2"
9121571;7933400;6504890;444999;1530084;"9.82.1"
9121571;7933400;6504890;444999;1530084;"9.82.0"
9102765;7933400;6504890;444999;1530084;"9.81.0"
9126460;7933400;6504890;444999;1530084;"9.80.1"
9126460;7933400;6504890;444999;1530084;"9.80.0"
6024410;5691854;5508981;336706;1047572;"9.8.0"
8940453;7933400;6504890;444999;1530084;"9.79.1"
8940453;7933400;6504890;444999;1530084;"9.79.0"
8773247;7940266;6508714;444999;1474905;"9.78.0"
8729712;7940266;6504102;444999;1474905;"9.77.0"
8729712;7940266;6504102;444999;1474905;"9.76.0"
8659044;7979196;6493164;444999;1417098;"9.75.1"
8659044;7979196;6493164;444999;1417098;"9.75.0"
8275882;7963324;6362482;444999;1378337;"9.74.2"
8275882;7963324;6362482;444999;1378337;"9.74.1"
8275882;7963324;6362482;444999;1378337;"9.74.0"
8234074;7963324;6362482;444999;1378337;"9.73.2"
8234074;7963324;6362482;444999;1378337;"9.73.1"
8234074;7963324;6362482;444999;1378337;"9.73.0"
8234074;7963324;6359008;444999;1374717;"9.72.0"
8178365;7963324;6359008;444999;1374717;"9.71.8"
8178365;7963324;6359008;444999;1374717;"9.71.7"
8178365;7963324;6359008;444999;1374717;"9.71.6"
8178365;7963324;6359008;444999;1374717;"9.71.5"
8178365;7963324;6359008;444999;1374717;"9.71.4"
8178365;7963324;6359008;444999;1374717;"9.71.3"
8178365;7963324;6359008;444999;1374717;"9.71.2"
8178365;7963324;6359008;444999;1374717;"9.71.1"
8178365;7963324;6359008;444999;1374717;"9.71.0"
8174684;7963324;6359008;444999;1374717;"9.70.2"
8174684;7963324;6359008;444999;1374717;"9.70.1"
8174684;7963324;6359008;444999;1374717;"9.70.0"
5959175;5691854;5468924;336706;1047572;"9.7.0"
8300009;7963324;6359008;444999;1374717;"9.69.9"
8300009;7963324;6359008;444999;1374717;"9.69.8"
8300009;7963324;6359008;444999;1374717;"9.69.7"
8300009;7963324;6359008;444999;1374717;"9.69.6"
8300009;7963324;6359008;444999;1374717;"9.69.5"
8300009;7963324;6359008;444999;1374717;"9.69.4"
8300009;7963324;6359008;444999;1374717;"9.69.3"
8300009;7963324;6359008;444999;1374717;"9.69.2"
8300009;7963324;6359008;444999;1374717;"9.69.1"
8300009;7963324;6359008;444999;1374717;"9.69.0"
8273511;7963324;6359008;444999;1374717;"9.68.5"
8273511;7963324;6359008;444999;1374717;"9.68.4"
8273511;7963324;6359008;444999;1374717;"9.68.3"
8273511;7963324;6359008;444999;1374717;"9.68.2"
8273511;7963324;6359008;444999;1374717;"9.68.1"
8273511;7963324;6359008;444999;1374717;"9.68.0"
8114285;7947334;6374565;444999;1374717;"9.67.0"
8035559;7937383;6372125;444999;1373491;"9.66.0"
7928640;7937383;6372125;444999;1373491;"9.65.0"
7993608;7846968;6372125;444999;1373491;"9.64.0"
7993608;7845548;6384271;444999;1373491;"9.63.0"
7864569;7845548;6384271;444999;1373491;"9.62.0"
7864569;7845548;6317368;444999;1373491;"9.61.0"
7817900;7845548;6317368;444999;1373491;"9.60.0"
5959175;5466615;5468924;332482;1047572;"9.6.0"
7761744;7845548;6317368;444999;1373491;"9.59.0"
7786990;7845548;6317368;444999;1373491;"9.58.0"
7710729;7788704;6317368;444999;1373491;"9.57.0"
7754531;7788704;6317368;444999;1373491;"9.56.0"
7642907;7788704;6317368;444999;1373491;"9.55.3"
7642907;7788704;6317368;444999;1373491;"9.55.2"
7642907;7788704;6317368;444999;1373491;"9.55.1"
7642907;7788704;6317368;444999;1373491;"9.55.0"
7683363;7788704;6317368;444999;1373491;"9.54.0"
7677179;7788704;6317368;444999;1373491;"9.53.3"
7677179;7788704;6317368;444999;1373491;"9.53.2"
7677179;7788704;6317368;444999;1373491;"9.53.1"
7677179;7788704;6317368;444999;1373491;"9.53.0"
7669285;7788704;6317368;444999;1373491;"9.52.0"
7666687;7788704;6317368;444999;1391937;"9.51.8"
7666687;7788704;6317368;444999;1391937;"9.51.7"
7666687;7788704;6317368;444999;1391937;"9.51.6"
7666687;7788704;6317368;444999;1391937;"9.51.5"
7666687;7788704;6317368;444999;1391937;"9.51.4"
7666687;7788704;6317368;444999;1391937;"9.51.3"
7666687;7788704;6317368;444999;1391937;"9.51.2"
7666687;7788704;6317368;444999;1391937;"9.51.1"
7666687;7788704;6317368;444999;1391937;"9.51.0"
7272988;7582158;6141444;330195;1037451;"9.50.0"
5876524;5466615;5468924;332482;1047572;"9.5.0"
7004975;7201965;6208823;330195;1043545;"9.45.0"
7003052;7201965;6208823;330195;1043545;"9.44.0"
7003052;7201965;6208823;322619;1043545;"9.43.2"
7003052;7201965;6208823;322619;1043545;"9.43.1"
7003052;7201965;6208823;322619;1043545;"9.43.0"
6991266;7201965;6208823;322619;1043545;"9.42.0"
6991266;7201965;6213182;359993;1043545;"9.41.0"
6934638;7201965;6213182;359993;1043545;"9.40.0"
5840150;5466615;5427005;346519;1033897;"9.4.4"
5840150;5466615;5427005;346519;1033897;"9.4.3"
5840150;5466615;5427005;346519;1033897;"9.4.2"
5840150;5466615;5427005;346519;1033897;"9.4.1"
5840150;5466615;5427005;346519;1033897;"9.4.0"
6934638;7201965;6189192;359993;1043545;"9.39.0"
7165884;7201965;6189192;406427;1022174;"9.38.0"
7136037;7201965;6189192;406427;1022174;"9.37.2"
7136037;7201965;6189192;406427;1022174;"9.37.1"
7136037;7201965;6189192;406427;1022174;"9.37.0"
7132899;7201965;6189192;406427;1022174;"9.36.1"
7132899;7201965;6189192;406427;1022174;"9.36.0"
7077195;7201965;6189192;406427;1022174;"9.35.1"
7077195;7201965;6189192;406427;1022174;"9.35.0"
7077195;7201965;6189192;406427;965021;"9.34.7"
7077195;7201965;6189192;406427;965021;"9.34.6"
7077195;7201965;6189192;406427;965021;"9.34.5"
7077195;7201965;6189192;406427;965021;"9.34.4"
7077195;7201965;6189192;406427;965021;"9.34.3"
7077195;7201965;6189192;406427;965021;"9.34.2"
7077195;7201965;6189192;406427;965021;"9.34.1"
7077195;7201965;6189192;406427;965021;"9.34.0"
7072325;7201965;6189192;406427;965021;"9.33.1"
7072325;7201965;6189192;406427;965021;"9.33.0"
7046840;7191930;6020916;406427;965021;"9.32.3"
7046840;7191930;6020916;406427;965021;"9.32.2"
7046840;7191930;6020916;406427;965021;"9.32.1"
7046840;7191930;6020916;406427;965021;"9.32.0"
7046840;7083187;6020916;406427;965021;"9.31.7"
7046840;7083187;6020916;406427;965021;"9.31.6"
7046840;7083187;6020916;406427;965021;"9.31.5"
7046840;7083187;6020916;406427;965021;"9.31.4"
7046840;7083187;6020916;406427;965021;"9.31.3"
7046840;7083187;6020916;406427;965021;"9.31.2"
7046840;7083187;6020916;406427;965021;"9.31.1"
7046840;7083187;6020916;406427;965021;"9.31.0"
7107782;7047200;6020916;406427;965021;"9.30.2"
7107782;7047200;6020916;406427;965021;"9.30.1"
7107782;7047200;6020916;406427;965021;"9.30.0"
5479195;5466615;5427005;346519;1083361;"9.3.1"
5479195;5466615;5427005;346519;1083361;"9.3.0"
6890284;6946054;5907275;406427;948774;"9.23.1"
6890284;6946054;5907275;406427;948774;"9.23.0"
6890284;6970294;5868453;406427;906467;"9.22.2"
6890284;6970294;5868453;406427;906467;"9.22.1"
6890284;6970294;5868453;406427;906467;"9.22.0"
6890284;6366763;5868453;406427;906467;"9.21.1"
6890284;6366763;5868453;406427;906467;"9.21.0"
6796308;6288546;5858494;406427;906467;"9.20.6"
6796308;6288546;5858494;406427;906467;"9.20.5"
6796308;6288546;5858494;406427;906467;"9.20.4"
6796308;6288546;5858494;406427;906467;"9.20.3"
6796308;6288546;5858494;406427;906467;"9.20.2"
6796308;6288546;5858494;406427;906467;"9.20.1"
6796308;6288546;5858494;406427;906467;"9.20.0"
5461705;5527253;5510414;346519;1009901;"9.2.0"
6786895;6288546;5858494;406427;906467;"9.19.8"
6786895;6288546;5858494;406427;906467;"9.19.7"
6786895;6288546;5858494;406427;906467;"9.19.6"
6786895;6288546;5858494;406427;906467;"9.19.5"
6786895;6288546;5858494;406427;906467;"9.19.4"
6786895;6288546;5858494;406427;906467;"9.19.3"
6786895;6288546;5858494;406427;906467;"9.19.2"
6786895;6288546;5858494;406427;906467;"9.19.1"
6786895;6288546;5858494;406427;906467;"9.19.0"
6782179;6288546;5858494;349771;906467;"9.18.0"
6802489;6208817;5797769;336706;904670;"9.17.1"
6802489;6208817;5797769;336706;904670;"9.17.0"
6769684;6054166;5574359;336706;904670;"9.16.0"
6765649;6001574;5569885;336706;889853;"9.15.0"
6674532;5958419;5579488;336706;889853;"9.14.1"
6674532;5958419;5579488;336706;889853;"9.14.0"
6720773;5967718;5579488;336706;889853;"9.13.0"
6625999;5926335;5579488;336706;904884;"9.12.2"
6625999;5926335;5579488;336706;904884;"9.12.1"
6625999;5926335;5579488;336706;904884;"9.12.0"
6113058;5873788;5557213;336706;1012890;"9.11.2"
6113058;5873788;5557213;336706;1012890;"9.11.1"
6143909;5873788;5557213;336706;1012890;"9.11.0"
6103883;5873788;5557213;336706;1047572;"9.10.4"
6103883;5873788;5557213;336706;1047572;"9.10.3"
6103883;5873788;5557213;336706;1047572;"9.10.2"
6103883;5873788;5557213;336706;1047572;"9.10.1"
6103883;5873788;5557213;336706;1047572;"9.10.0"
5424921;5491318;5492977;346519;962033;"9.1.9"
5424921;5491318;5492977;346519;962033;"9.1.8"
5424921;5491318;5492977;346519;962033;"9.1.7"
5424921;5491318;5492977;346519;962033;"9.1.6"
5424921;5491318;5492977;346519;962033;"9.1.5"
5424921;5491318;5492977;346519;962033;"9.1.4"
5424921;5491318;5492977;346519;962033;"9.1.3"
5424921;5491318;5492977;346519;962033;"9.1.2"
5424921;5491318;5492977;346519;962033;"9.1.1"
5424921;5491318;5492977;346519;962033;"9.1.0"
5424921;5494463;5492977;346519;962033;"9.0.0"
5281132;5537260;5541691;334005;929245;"8.9.0"
5281132;5505532;5498505;334005;884901;"8.8.1"
5281132;5505532;5498505;334005;884901;"8.8.0"
5281132;5505532;5498505;334005;846938;"8.7.2"
5281132;5505532;5498505;334005;846938;"8.7.1"
5281132;5505532;5498505;334005;846938;"8.7.0"
5346571;5505532;5394006;334005;894516;"8.6.1"
5346571;5505532;5394006;334005;894516;"8.6.0"
5346571;5505532;5394006;334005;891587;"8.5.0"
5336404;5541264;5393279;334005;891587;"8.4.0"
5336404;5544289;5393279;334005;891587;"8.3.0"
5318259;5544289;5393279;334005;891587;"8.2.2"
5318259;5544289;5393279;334005;891587;"8.2.1"
5318259;5544289;5393279;334005;891587;"8.2.0"
5424921;5494463;5492977;346519;962033;"8.19.0"
5429723;5494463;5492977;346519;962033;"8.18.1"
5429723;5494463;5492977;346519;962033;"8.18.0"
5429217;5494463;5492977;346519;962033;"8.17.0"
5429217;5494463;5492977;346519;962033;"8.16.0"
5429217;5494463;5507687;346519;962033;"8.15.1"
5429217;5494463;5507687;346519;962033;"8.15.0"
5305845;5494463;5485575;346519;962033;"8.14.2"
5305845;5494463;5485575;346519;962033;"8.14.1"
5305845;5494463;5485575;346519;962033;"8.14.0"
5305845;5494463;5484976;346519;962033;"8.13.2"
5305845;5494463;5484976;346519;962033;"8.13.1"
5305845;5494463;5484976;346519;962033;"8.13.0"
5305845;5537260;5484976;346519;962033;"8.12.3"
5305845;5537260;5484976;346519;962033;"8.12.2"
5305845;5537260;5484976;346519;962033;"8.12.1"
5305845;5537260;5484976;346519;962033;"8.12.0"
5293454;5537260;5484976;346519;962033;"8.11.5"
5293454;5537260;5484976;346519;962033;"8.11.4"
5293454;5537260;5484976;346519;962033;"8.11.3"
5293454;5537260;5484976;346519;962033;"8.11.2"
5293454;5537260;5484976;346519;962033;"8.11.1"
5293454;5537260;5484976;346519;962033;"8.11.0"
5281132;5537260;5519766;334005;929245;"8.10.0"
5292955;5511125;5419737;334005;843244;"8.1.2"
5292955;5511125;5419737;334005;843244;"8.1.0"
5292955;5511125;5419737;334005;857146;"8.0.2"
5292955;5511125;5419737;334005;857146;"8.0.1"
5292955;5511125;5419737;334005;857146;"8.0.0"
5293728;5567679;5461242;334005;905658;"7.9.0"
5271808;5567679;5403264;334005;905658;"7.8.2"
5271808;5567679;5403264;334005;905658;"7.8.1"
5271808;5567679;5403264;334005;905658;"7.8.0"
5485632;5567679;5418223;334005;905658;"7.7.5"
5485632;5567679;5418223;334005;905658;"7.7.4"
5485632;5567679;5418223;334005;905658;"7.7.3"
5485632;5567679;5418223;334005;905658;"7.7.2"
5485632;5567679;5418223;334005;905658;"7.7.1"
5485632;5567679;5418223;334005;905658;"7.7.0"
5420238;5567679;5418223;334005;905658;"7.6.0"
5410660;5551770;5395270;334005;905658;"7.5.0"
5410660;5447486;5395270;334005;905658;"7.4.3"
5410660;5447486;5395270;334005;905658;"7.4.2"
5410660;5447486;5395270;334005;905658;"7.4.1"
5410660;5447486;5395270;334005;905658;"7.4.0"
5250165;5447486;5395270;334005;905658;"7.3.1"
5250165;5447486;5395270;334005;905658;"7.3.0"
5240616;5447486;5395270;334005;905658;"7.2.2"
5240616;5447486;5395270;334005;905658;"7.2.1"
5240616;5447486;5395270;334005;905658;"7.2.0"
5292955;5511125;5419737;334005;857146;"7.11.0"
5322262;5565580;5461242;334005;857146;"7.10.1"
5322262;5565580;5461242;334005;857146;"7.10.0"
5252989;5447486;5395270;334005;905658;"7.1.2"
5252989;5447486;5395270;334005;905658;"7.1.1"
5252989;5447486;5395270;334005;905658;"7.1.0"
5075160;5467456;5395270;334005;874065;"7.0.0"
5075160;5477049;5395270;334005;874065;"6.7.0"
5024199;5447501;5395270;334005;874065;"6.6.2"
5024199;5447501;5395270;334005;874065;"6.6.1"
5024199;5447501;5395270;334005;874065;"6.6.0"
4464284;5447501;5395270;334005;874065;"6.5.0"
4299746;5447501;5395270;334005;874065;"6.4.1"
4299746;5447501;5395270;334005;874065;"6.4.0"
4299746;5481481;5375415;334005;846484;"6.3.8"
4299746;5481481;5375415;334005;846484;"6.3.7"
4299746;5481481;5375415;334005;846484;"6.3.6"
4299746;5481481;5375415;334005;846484;"6.3.5"
4299746;5481481;5375415;334005;846484;"6.3.4"
4299746;5481481;5375415;334005;846484;"6.3.3"
4299746;5481481;5375415;334005;846484;"6.3.2"
4299746;5481481;5375415;334005;846484;"6.3.1"
4299746;5481481;5375415;334005;846484;"6.3.0"
4230413;5481481;5375415;334005;846484;"6.2.4"
4230413;5481481;5375415;334005;846484;"6.2.3"
4230413;5481481;5375415;334005;846484;"6.2.2"
4230413;5481481;5375415;334005;846484;"6.2.1"
4230413;5481481;5375415;334005;846484;"6.2.0"
4195626;5481481;5375415;334005;846484;"6.1.0"
4195626;5481481;5428854;334005;846484;"6.0.0"
4195626;5481481;5429624;334005;846484;"5.8.1"
4195626;5481481;5429624;334005;846484;"5.8.0"
4195626;5469307;5446822;334005;846484;"5.7.0"
4232415;5532188;5346830;334005;846484;"5.6.0"
4232415;5532188;5346830;334005;846484;"5.5.1"
4232415;5532188;5346830;334005;846484;"5.5.0"
4203051;5532188;5346830;334005;846484;"5.4.2"
4203051;5532188;5346830;334005;846484;"5.4.1"
4203051;5532188;5346830;334005;846484;"5.4.0"
4203051;5528538;5119355;334005;883065;"5.3.0"
4203051;5528538;5129882;334005;883065;"5.2.0"
4199456;5528538;5128583;334005;883065;"5.1.0"
4199456;5558284;5128583;334005;883065;"5.0.0"
4191766;5558284;5162841;334005;883065;"4.9.0"
4191766;5508467;5128583;334005;883065;"4.8.0"
4191766;5534281;5352104;334005;866301;"4.7.2"
4191766;5534281;5352104;334005;866301;"4.7.1"
4191766;5534281;5352104;334005;866301;"4.7.0"
4107868;5534281;5352104;334005;866301;"4.6.0"
4059365;5534281;5329776;334005;866301;"4.5.1"
4059365;5534281;5329776;334005;866301;"4.5.0"
4059365;5534281;5329776;334005;886223;"4.4.0"
4059365;5534281;5323378;334005;886223;"4.3.0"
3958256;5610466;4956362;334005;886223;"4.2.0"
3958256;5610466;4956362;334005;886223;"4.1.0"
3947082;5610466;4956362;334005;886223;"4.0.0"
3961881;5477608;4662954;334005;890570;"3.9.0"
3935044;5477608;4571632;334005;890570;"3.8.0"
3935044;5477608;4571632;334005;890570;"3.7.0"
3935044;5381957;4571632;334005;911289;"3.6.0"
3935044;5386041;4571632;337927;763855;"3.5.0"
3944802;5386041;4571632;357787;763855;"3.4.0"
3865075;5276650;4571632;357787;795817;"3.3.0"
3780287;5171968;4537154;357787;795817;"3.2.2"
3780287;5171968;4537154;357787;795817;"3.2.1"
3780287;5171968;4537154;357787;795817;"3.2.0"
3947082;5610466;4956362;334005;886223;"3.12.0"
3947082;5610466;4956362;334005;905328;"3.11.0"
3961881;5494128;5022625;334005;905328;"3.10.0"
3780287;5171968;4537154;357787;795817;"3.1.2"
3780287;5171968;4537154;357787;795817;"3.1.1"
3780287;5171968;4537154;357787;795817;"3.1.0"
11104560;8646349;6677640;487891;1647053;"12.0.2"
11104560;8646349;6677640;487891;1647053;"12.0.1"
11104560;8646349;6677640;487891;1647053;"12.0.0"
11017211;8549720;6784745;487891;1663223;"11.9.9"
11017211;8549720;6784745;487891;1663223;"11.9.8"
11017211;8549720;6784745;487891;1663223;"11.9.7"
11017211;8549720;6784745;487891;1663223;"11.9.6"
11017211;8549720;6784745;487891;1663223;"11.9.5"
11017211;8549720;6784745;487891;1663223;"11.9.4"
11017211;8549720;6784745;487891;1663223;"11.9.3"
11017211;8549720;6784745;487891;1663223;"11.9.2"
11017211;8549720;6784745;487891;1663223;"11.9.1"
11017211;8549720;6784745;487891;1663223;"11.9.0"
11088691;8491343;6741964;487891;1663223;"11.8.0"
11088691;8333472;6724487;487891;1656544;"11.7.2"
11088691;8333472;6724487;487891;1656544;"11.7.1"
11088691;8333472;6724487;487891;1656544;"11.7.0"
11095330;8308982;6724487;487891;1656544;"11.6.0"
11126942;8268617;6724487;487891;1656544;"11.5.1"
11126942;8268617;6724487;487891;1656544;"11.5.0"
11073962;8268617;6724487;487891;1656544;"11.4.0"
11170168;8268617;6724487;487891;1698111;"11.3.0"
11095385;8214954;6681398;487891;1698111;"11.2.0"
11104560;8646349;6677640;487891;1647053;"11.13.0"
11061134;8658007;6676749;487891;1606353;"11.12.1"
11061134;8658007;6676749;487891;1606353;"11.12.0"
11045130;8651671;6801210;487891;1679425;"11.11.1"
11045130;8651671;6801210;487891;1679425;"11.11.0"
11045130;8611948;6801210;487891;1679425;"11.10.0"
10986218;8185261;6681398;487891;1698111;"11.1.0"
10903258;8225037;6701099;487891;1698111;"11.0.4"
10903258;8225037;6701099;487891;1698111;"11.0.3"
10903258;8225037;6701099;487891;1698111;"11.0.2"
10903258;8225037;6701099;487891;1698111;"11.0.1"
10903258;8225037;6701099;487891;1698111;"11.0.0"
9896574;8314598;6742386;487891;1528196;"10.9.1"
9896574;8314598;6742386;487891;1528196;"10.9.0"
9921786;8287486;6742386;487891;1528196;"10.8.4"
9921786;8287486;6742386;487891;1528196;"10.8.3"
9921786;8287486;6742386;487891;1528196;"10.8.2"
9921786;8287486;6742386;487891;1528196;"10.8.1"
9921786;8287486;6742386;487891;1528196;"10.8.0"
9861038;8306822;6742386;487891;1528196;"10.7.0"
9824253;8278000;6742386;487891;1528196;"10.6.0"
9652055;8267550;6733639;487891;1528196;"10.5.0"
10903258;8225037;6701099;487891;1698111;"10.48.0"
10854356;8225037;6713562;487891;1698111;"10.47.0"
10854356;8253021;6744130;487891;1717701;"10.46.0"
10822958;8253021;6744130;487891;1717701;"10.45.0"
10817894;8240150;6704590;487891;1704747;"10.44.1"
10817894;8240150;6704590;487891;1704747;"10.44.0"
10817894;8262832;6704590;487891;1704747;"10.43.1"
10817894;8262832;6704590;487891;1704747;"10.43.0"
10817894;8208710;6704590;487891;1704747;"10.42.2"
10817894;8208710;6704590;487891;1704747;"10.42.1"
10817894;8208710;6704590;487891;1704747;"10.42.0"
10856086;8208710;6704590;487891;1717252;"10.41.2"
10856086;8208710;6704590;487891;1717252;"10.41.1"
10856086;8208710;6704590;487891;1717252;"10.41.0"
10593555;8319148;6728760;487891;1705323;"10.40.4"
10593555;8319148;6728760;487891;1705323;"10.40.3"
10593555;8319148;6728760;487891;1705323;"10.40.2"
10593555;8319148;6728760;487891;1705323;"10.40.1"
10593555;8319148;6728760;487891;1705323;"10.40.0"
9681836;8267550;6638256;487891;1544588;"10.4.0"
10577893;8349280;6728760;487891;1705323;"10.39.5"
10577893;8349280;6728760;487891;1705323;"10.39.4"
10577893;8349280;6728760;487891;1705323;"10.39.3"
10577893;8349280;6728760;487891;1705323;"10.39.2"
10577893;8349280;6728760;487891;1705323;"10.39.1"
10577893;8349280;6728760;487891;1705323;"10.39.0"
10474340;8349280;6728760;487891;1705323;"10.38.5"
10474340;8349280;6728760;487891;1705323;"10.38.4"
10474340;8349280;6728760;487891;1705323;"10.38.3"
10474340;8349280;6728760;487891;1705323;"10.38.2"
10474340;8349280;6728760;487891;1705323;"10.38.1"
10474340;8349280;6728760;487891;1705323;"10.38.0"
10502467;8348321;6728760;487891;1705323;"10.37.0"
10402332;8348321;6728760;487891;1705323;"10.36.1"
10402332;8348321;6728760;487891;1705323;"10.36.0"
10428461;8348321;6728760;487891;1705323;"10.35.0"
10389272;8276029;6728213;487891;1698580;"10.34.0"
10326885;8276029;6728213;487891;1698580;"10.33.0"
10291456;8267509;6705668;487891;1698580;"10.32.0"
10211561;8191276;6705668;487891;1698580;"10.31.1"
10211561;8191276;6705668;487891;1698580;"10.31.0"
10218017;8191276;6705668;487891;1710996;"10.30.1"
10218017;8191276;6705668;487891;1710996;"10.30.0"
9681836;8237187;6638256;487891;1544588;"10.3.1"
9681836;8237187;6638256;487891;1544588;"10.3.0"
10152570;8110288;6741400;487891;1675167;"10.29.8"
10152570;8110288;6741400;487891;1675167;"10.29.7"
10152570;8110288;6741400;487891;1675167;"10.29.6"
10152570;8110288;6741400;487891;1675167;"10.29.5"
10152570;8110288;6741400;487891;1675167;"10.29.4"
10152570;8110288;6741400;487891;1675167;"10.29.3"
10152570;8110288;6741400;487891;1675167;"10.29.2"
10152570;8110288;6741400;487891;1675167;"10.29.1"
10152570;8110288;6741400;487891;1675167;"10.29.0"
10296458;8136710;6681266;487891;1607751;"10.28.0"
10257179;8136710;6681266;487891;1528196;"10.27.0"
10227804;8155879;6681266;487891;1528196;"10.26.0"
10232180;8155879;6681266;487891;1528196;"10.25.0"
10159220;8155879;6681266;487891;1528196;"10.24.0"
10126543;8155879;6681266;487891;1528196;"10.23.0"
10069686;8155879;6681266;487891;1528196;"10.22.0"
9970249;8155879;6681266;487891;1528196;"10.21.1"
9970249;8155879;6681266;487891;1528196;"10.21.0"
9932666;8181650;6714479;487891;1528196;"10.20.0"
9705352;8237187;6638256;487891;1544588;"10.2.3"
9705352;8237187;6638256;487891;1544588;"10.2.2"
9705352;8237187;6638256;487891;1544588;"10.2.1"
9705352;8237187;6638256;487891;1544588;"10.2.0"
9932666;8181650;6714479;487891;1528196;"10.19.0"
9932666;8181650;6714479;487891;1528196;"10.18.1"
9932666;8181650;6714479;487891;1528196;"10.18.0"
9932666;8181650;6714479;487891;1528196;"10.17.0"
9932666;8181650;6758497;487891;1528196;"10.16.0"
9915984;8181650;6779475;487891;1528196;"10.15.2"
9915984;8181650;6779475;487891;1528196;"10.15.1"
9915984;8181650;6779475;487891;1528196;"10.15.0"
9915984;8199975;6779475;487891;1528196;"10.14.0"
9915984;8212779;6742386;487891;1528196;"10.13.2"
9915984;8212779;6742386;487891;1528196;"10.13.0"
9915984;8242337;6742386;487891;1528196;"10.12.4"
9915984;8242337;6742386;487891;1528196;"10.12.3"
9915984;8242337;6742386;487891;1528196;"10.12.2"
9915984;8242337;6742386;487891;1528196;"10.12.1"
9915984;8242337;6742386;487891;1528196;"10.12.0"
9915984;8242337;6742386;487891;1528196;"10.11.0"
9915984;8314598;6742386;487891;1528196;"10.10.0"
9432800;8217536;6638256;487891;1544588;"10.1.0"
9393767;8215784;6638256;487891;1544588;"10.0.2"
9393767;8215784;6638256;487891;1544588;"10.0.1"
9393767;8215784;6638256;487891;1544588;"10.0.0"
